<?xml version="1.0" encoding="UTF-8"?>
<!-- Generated by org.testng.reporters.JUnitXMLReporter -->
<testsuite ignored="0" hostname="DESKTOP-350S9QI" failures="1" tests="3" name="Test" time="44.411" errors="0" timestamp="2021-09-01T18:41:21 IST">
  <testcase classname="com.testcases.UserViewTest" name="getuserview" time="29.423"/>
  <testcase classname="com.testcases.UserViewTest" name="getuserviewdoc" time="4.118"/>
  <testcase classname="com.testcases.UserViewTest" name="getuserviewworkflow" time="4.075">
    <failure type="java.lang.AssertionError" message="expected [Workflows(7)] but found [Workflows (7)]">
      <![CDATA[java.lang.AssertionError: expected [Workflows(7)] but found [Workflows (7)]
at com.testcases.UserViewTest.getuserviewworkflow(UserViewTest.java:68)
at java.base/java.util.ArrayList.forEach(ArrayList.java:1511)
... Removed 33 stack frames]]>
    </failure>
  </testcase> <!-- getuserviewworkflow -->
</testsuite> <!-- Test -->
